{"name":"Test01: Login in to ExperiBank","status":"broken","statusDetails":{"known":false,"muted":false,"flaky":false,"message":"invalid selector (Argument was an invalid selector (e.g. XPath/CSS). xpath = //*[@id='passwordTextField']'])  (WARNING: The server did not provide any stacktrace information)\nCommand duration or timeout: 0 milliseconds\nFor documentation on this error, please visit: https://www.seleniumhq.org/exceptions/invalid_selector_exception.html\nBuild info: version: '3.141.59', revision: 'e82be7d358', time: '2018-11-14T08:17:03'\nSystem info: host: 'ND-PC', ip: '192.168.1.212', os.name: 'Windows 8.1', os.arch: 'amd64', os.version: '6.3', java.version: '14.0.2'\nDriver info: org.openqa.selenium.remote.RemoteWebDriver\nCapabilities {appActivity: .LoginActivity, appBuildVersion: , appPackage: com.experitest.ExperiBank, appReleaseVersion: , appiumVersion: 1.8.0, applicationClearData: false, autoAcceptAlerts: false, autoDismissAlerts: false, autoGrantPermissions: false, autoWebview: false, commandTimeouts: 120000, desired: {appActivity: .LoginActivity, appPackage: com.experitest.ExperiBank, udid: RF8N60HJTWL}, device.category: PHONE, device.majorVersion: 10, device.manufacture: samsung, device.model: SM-G973F, device.name: SM-G973F, device.os: Android, device.screenSize: 1080x2280, device.serialNumber: RF8N60HJTWL, device.version: 10, deviceUDID: RF8N60HJTWL, dontGoHomeOnQuit: false, dontStopAppOnReset: false, fullReset: false, install.only.for.update: false, instrumentApp: false, javascriptEnabled: true, keystorePath: ~/.android/debug.keystore, locationServicesAuthorized: false, newSessionWaitTimeout: 600, noReset: false, platform: ANDROID, platformName: ANDROID, projectName: , reportDirectory: reports, reportFormat: xml, reportUrl: C:\\Users\\naamadn\\appiumstud..., reservationDuration: 240, takeScreenshots: true, test.type: Mobile, testName: mobile test 11/26/20 11:49 AM, udid: RF8N60HJTWL, useKeystore: false, waitForDeviceTimeout: 120000}\nSession ID: 82684891-d4d1-443f-ac59-ca6ebadad1cd\n*** Element info: {Using=xpath, value=//*[@id='passwordTextField']']}","trace":"org.openqa.selenium.InvalidSelectorException: invalid selector (Argument was an invalid selector (e.g. XPath/CSS). xpath = //*[@id='passwordTextField']'])  (WARNING: The server did not provide any stacktrace information)\nCommand duration or timeout: 0 milliseconds\nFor documentation on this error, please visit: https://www.seleniumhq.org/exceptions/invalid_selector_exception.html\nBuild info: version: '3.141.59', revision: 'e82be7d358', time: '2018-11-14T08:17:03'\nSystem info: host: 'ND-PC', ip: '192.168.1.212', os.name: 'Windows 8.1', os.arch: 'amd64', os.version: '6.3', java.version: '14.0.2'\nDriver info: org.openqa.selenium.remote.RemoteWebDriver\nCapabilities {appActivity: .LoginActivity, appBuildVersion: , appPackage: com.experitest.ExperiBank, appReleaseVersion: , appiumVersion: 1.8.0, applicationClearData: false, autoAcceptAlerts: false, autoDismissAlerts: false, autoGrantPermissions: false, autoWebview: false, commandTimeouts: 120000, desired: {appActivity: .LoginActivity, appPackage: com.experitest.ExperiBank, udid: RF8N60HJTWL}, device.category: PHONE, device.majorVersion: 10, device.manufacture: samsung, device.model: SM-G973F, device.name: SM-G973F, device.os: Android, device.screenSize: 1080x2280, device.serialNumber: RF8N60HJTWL, device.version: 10, deviceUDID: RF8N60HJTWL, dontGoHomeOnQuit: false, dontStopAppOnReset: false, fullReset: false, install.only.for.update: false, instrumentApp: false, javascriptEnabled: true, keystorePath: ~/.android/debug.keystore, locationServicesAuthorized: false, newSessionWaitTimeout: 600, noReset: false, platform: ANDROID, platformName: ANDROID, projectName: , reportDirectory: reports, reportFormat: xml, reportUrl: C:\\Users\\naamadn\\appiumstud..., reservationDuration: 240, takeScreenshots: true, test.type: Mobile, testName: mobile test 11/26/20 11:49 AM, udid: RF8N60HJTWL, useKeystore: false, waitForDeviceTimeout: 120000}\nSession ID: 82684891-d4d1-443f-ac59-ca6ebadad1cd\n*** Element info: {Using=xpath, value=//*[@id='passwordTextField']']}\r\n\tat java.base/jdk.internal.reflect.NativeConstructorAccessorImpl.newInstance0(Native Method)\r\n\tat java.base/jdk.internal.reflect.NativeConstructorAccessorImpl.newInstance(NativeConstructorAccessorImpl.java:62)\r\n\tat java.base/jdk.internal.reflect.DelegatingConstructorAccessorImpl.newInstance(DelegatingConstructorAccessorImpl.java:45)\r\n\tat java.base/java.lang.reflect.Constructor.newInstanceWithCaller(Constructor.java:500)\r\n\tat java.base/java.lang.reflect.Constructor.newInstance(Constructor.java:481)\r\n\tat org.openqa.selenium.remote.ErrorHandler.createThrowable(ErrorHandler.java:214)\r\n\tat org.openqa.selenium.remote.ErrorHandler.throwIfResponseFailed(ErrorHandler.java:166)\r\n\tat org.openqa.selenium.remote.http.JsonHttpResponseCodec.reconstructValue(JsonHttpResponseCodec.java:40)\r\n\tat org.openqa.selenium.remote.http.AbstractHttpResponseCodec.decode(AbstractHttpResponseCodec.java:80)\r\n\tat org.openqa.selenium.remote.http.AbstractHttpResponseCodec.decode(AbstractHttpResponseCodec.java:44)\r\n\tat org.openqa.selenium.remote.HttpCommandExecutor.execute(HttpCommandExecutor.java:158)\r\n\tat org.openqa.selenium.remote.RemoteWebDriver.execute(RemoteWebDriver.java:552)\r\n\tat org.openqa.selenium.remote.RemoteWebDriver.findElement(RemoteWebDriver.java:323)\r\n\tat org.openqa.selenium.remote.RemoteWebDriver.findElementByXPath(RemoteWebDriver.java:428)\r\n\tat org.openqa.selenium.By$ByXPath.findElement(By.java:353)\r\n\tat org.openqa.selenium.remote.RemoteWebDriver.findElement(RemoteWebDriver.java:315)\r\n\tat org.openqa.selenium.support.pagefactory.DefaultElementLocator.findElement(DefaultElementLocator.java:69)\r\n\tat org.openqa.selenium.support.pagefactory.internal.LocatingElementHandler.invoke(LocatingElementHandler.java:38)\r\n\tat com.sun.proxy.$Proxy13.sendKeys(Unknown Source)\r\n\tat Extensions.uiActions.updateText(uiActions.java:23)\r\n\tat WorkFlows.mobileFlows.login(mobileFlows.java:12)\r\n\tat SanityTests.experiBankMobile.test01_login(experiBankMobile.java:16)\r\n\tat java.base/jdk.internal.reflect.NativeMethodAccessorImpl.invoke0(Native Method)\r\n\tat java.base/jdk.internal.reflect.NativeMethodAccessorImpl.invoke(NativeMethodAccessorImpl.java:62)\r\n\tat java.base/jdk.internal.reflect.DelegatingMethodAccessorImpl.invoke(DelegatingMethodAccessorImpl.java:43)\r\n\tat java.base/java.lang.reflect.Method.invoke(Method.java:564)\r\n\tat org.testng.internal.MethodInvocationHelper.invokeMethod(MethodInvocationHelper.java:133)\r\n\tat org.testng.internal.TestInvoker.invokeMethod(TestInvoker.java:584)\r\n\tat org.testng.internal.TestInvoker.invokeTestMethod(TestInvoker.java:172)\r\n\tat org.testng.internal.MethodRunner.runInSequence(MethodRunner.java:46)\r\n\tat org.testng.internal.TestInvoker$MethodInvocationAgent.invoke(TestInvoker.java:804)\r\n\tat org.testng.internal.TestInvoker.invokeTestMethods(TestInvoker.java:145)\r\n\tat org.testng.internal.TestMethodWorker.invokeTestMethods(TestMethodWorker.java:146)\r\n\tat org.testng.internal.TestMethodWorker.run(TestMethodWorker.java:128)\r\n\tat java.base/java.util.ArrayList.forEach(ArrayList.java:1511)\r\n\tat org.testng.TestRunner.privateRun(TestRunner.java:770)\r\n\tat org.testng.TestRunner.run(TestRunner.java:591)\r\n\tat org.testng.SuiteRunner.runTest(SuiteRunner.java:402)\r\n\tat org.testng.SuiteRunner.runSequentially(SuiteRunner.java:396)\r\n\tat org.testng.SuiteRunner.privateRun(SuiteRunner.java:355)\r\n\tat org.testng.SuiteRunner.run(SuiteRunner.java:304)\r\n\tat org.testng.SuiteRunnerWorker.runSuite(SuiteRunnerWorker.java:53)\r\n\tat org.testng.SuiteRunnerWorker.run(SuiteRunnerWorker.java:96)\r\n\tat org.testng.TestNG.runSuitesSequentially(TestNG.java:1180)\r\n\tat org.testng.TestNG.runSuitesLocally(TestNG.java:1102)\r\n\tat org.testng.TestNG.runSuites(TestNG.java:1032)\r\n\tat org.testng.TestNG.run(TestNG.java:1000)\r\n\tat com.intellij.rt.testng.IDEARemoteTestNG.run(IDEARemoteTestNG.java:66)\r\n\tat com.intellij.rt.testng.RemoteTestNGStarter.main(RemoteTestNGStarter.java:110)\r\n"},"stage":"finished","description":"Test description: Login in to ExperiBank","steps":[{"name":"Log in to ExperiBank Flow","status":"broken","statusDetails":{"known":false,"muted":false,"flaky":false,"message":"invalid selector (Argument was an invalid selector (e.g. XPath/CSS). xpath = //*[@id='passwordTextField']'])  (WARNING: The server did not provide any stacktrace information)\nCommand duration or timeout: 0 milliseconds\nFor documentation on this error, please visit: https://www.seleniumhq.org/exceptions/invalid_selector_exception.html\nBuild info: version: '3.141.59', revision: 'e82be7d358', time: '2018-11-14T08:17:03'\nSystem info: host: 'ND-PC', ip: '192.168.1.212', os.name: 'Windows 8.1', os.arch: 'amd64', os.version: '6.3', java.version: '14.0.2'\nDriver info: org.openqa.selenium.remote.RemoteWebDriver\nCapabilities {appActivity: .LoginActivity, appBuildVersion: , appPackage: com.experitest.ExperiBank, appReleaseVersion: , appiumVersion: 1.8.0, applicationClearData: false, autoAcceptAlerts: false, autoDismissAlerts: false, autoGrantPermissions: false, autoWebview: false, commandTimeouts: 120000, desired: {appActivity: .LoginActivity, appPackage: com.experitest.ExperiBank, udid: RF8N60HJTWL}, device.category: PHONE, device.majorVersion: 10, device.manufacture: samsung, device.model: SM-G973F, device.name: SM-G973F, device.os: Android, device.screenSize: 1080x2280, device.serialNumber: RF8N60HJTWL, device.version: 10, deviceUDID: RF8N60HJTWL, dontGoHomeOnQuit: false, dontStopAppOnReset: false, fullReset: false, install.only.for.update: false, instrumentApp: false, javascriptEnabled: true, keystorePath: ~/.android/debug.keystore, locationServicesAuthorized: false, newSessionWaitTimeout: 600, noReset: false, platform: ANDROID, platformName: ANDROID, projectName: , reportDirectory: reports, reportFormat: xml, reportUrl: C:\\Users\\naamadn\\appiumstud..., reservationDuration: 240, takeScreenshots: true, test.type: Mobile, testName: mobile test 11/26/20 11:49 AM, udid: RF8N60HJTWL, useKeystore: false, waitForDeviceTimeout: 120000}\nSession ID: 82684891-d4d1-443f-ac59-ca6ebadad1cd\n*** Element info: {Using=xpath, value=//*[@id='passwordTextField']']}","trace":"org.openqa.selenium.InvalidSelectorException: invalid selector (Argument was an invalid selector (e.g. XPath/CSS). xpath = //*[@id='passwordTextField']'])  (WARNING: The server did not provide any stacktrace information)\nCommand duration or timeout: 0 milliseconds\nFor documentation on this error, please visit: https://www.seleniumhq.org/exceptions/invalid_selector_exception.html\nBuild info: version: '3.141.59', revision: 'e82be7d358', time: '2018-11-14T08:17:03'\nSystem info: host: 'ND-PC', ip: '192.168.1.212', os.name: 'Windows 8.1', os.arch: 'amd64', os.version: '6.3', java.version: '14.0.2'\nDriver info: org.openqa.selenium.remote.RemoteWebDriver\nCapabilities {appActivity: .LoginActivity, appBuildVersion: , appPackage: com.experitest.ExperiBank, appReleaseVersion: , appiumVersion: 1.8.0, applicationClearData: false, autoAcceptAlerts: false, autoDismissAlerts: false, autoGrantPermissions: false, autoWebview: false, commandTimeouts: 120000, desired: {appActivity: .LoginActivity, appPackage: com.experitest.ExperiBank, udid: RF8N60HJTWL}, device.category: PHONE, device.majorVersion: 10, device.manufacture: samsung, device.model: SM-G973F, device.name: SM-G973F, device.os: Android, device.screenSize: 1080x2280, device.serialNumber: RF8N60HJTWL, device.version: 10, deviceUDID: RF8N60HJTWL, dontGoHomeOnQuit: false, dontStopAppOnReset: false, fullReset: false, install.only.for.update: false, instrumentApp: false, javascriptEnabled: true, keystorePath: ~/.android/debug.keystore, locationServicesAuthorized: false, newSessionWaitTimeout: 600, noReset: false, platform: ANDROID, platformName: ANDROID, projectName: , reportDirectory: reports, reportFormat: xml, reportUrl: C:\\Users\\naamadn\\appiumstud..., reservationDuration: 240, takeScreenshots: true, test.type: Mobile, testName: mobile test 11/26/20 11:49 AM, udid: RF8N60HJTWL, useKeystore: false, waitForDeviceTimeout: 120000}\nSession ID: 82684891-d4d1-443f-ac59-ca6ebadad1cd\n*** Element info: {Using=xpath, value=//*[@id='passwordTextField']']}\r\n\tat java.base/jdk.internal.reflect.NativeConstructorAccessorImpl.newInstance0(Native Method)\r\n\tat java.base/jdk.internal.reflect.NativeConstructorAccessorImpl.newInstance(NativeConstructorAccessorImpl.java:62)\r\n\tat java.base/jdk.internal.reflect.DelegatingConstructorAccessorImpl.newInstance(DelegatingConstructorAccessorImpl.java:45)\r\n\tat java.base/java.lang.reflect.Constructor.newInstanceWithCaller(Constructor.java:500)\r\n\tat java.base/java.lang.reflect.Constructor.newInstance(Constructor.java:481)\r\n\tat org.openqa.selenium.remote.ErrorHandler.createThrowable(ErrorHandler.java:214)\r\n\tat org.openqa.selenium.remote.ErrorHandler.throwIfResponseFailed(ErrorHandler.java:166)\r\n\tat org.openqa.selenium.remote.http.JsonHttpResponseCodec.reconstructValue(JsonHttpResponseCodec.java:40)\r\n\tat org.openqa.selenium.remote.http.AbstractHttpResponseCodec.decode(AbstractHttpResponseCodec.java:80)\r\n\tat org.openqa.selenium.remote.http.AbstractHttpResponseCodec.decode(AbstractHttpResponseCodec.java:44)\r\n\tat org.openqa.selenium.remote.HttpCommandExecutor.execute(HttpCommandExecutor.java:158)\r\n\tat org.openqa.selenium.remote.RemoteWebDriver.execute(RemoteWebDriver.java:552)\r\n\tat org.openqa.selenium.remote.RemoteWebDriver.findElement(RemoteWebDriver.java:323)\r\n\tat org.openqa.selenium.remote.RemoteWebDriver.findElementByXPath(RemoteWebDriver.java:428)\r\n\tat org.openqa.selenium.By$ByXPath.findElement(By.java:353)\r\n\tat org.openqa.selenium.remote.RemoteWebDriver.findElement(RemoteWebDriver.java:315)\r\n\tat org.openqa.selenium.support.pagefactory.DefaultElementLocator.findElement(DefaultElementLocator.java:69)\r\n\tat org.openqa.selenium.support.pagefactory.internal.LocatingElementHandler.invoke(LocatingElementHandler.java:38)\r\n\tat com.sun.proxy.$Proxy13.sendKeys(Unknown Source)\r\n\tat Extensions.uiActions.updateText(uiActions.java:23)\r\n\tat WorkFlows.mobileFlows.login(mobileFlows.java:12)\r\n\tat SanityTests.experiBankMobile.test01_login(experiBankMobile.java:16)\r\n\tat java.base/jdk.internal.reflect.NativeMethodAccessorImpl.invoke0(Native Method)\r\n\tat java.base/jdk.internal.reflect.NativeMethodAccessorImpl.invoke(NativeMethodAccessorImpl.java:62)\r\n\tat java.base/jdk.internal.reflect.DelegatingMethodAccessorImpl.invoke(DelegatingMethodAccessorImpl.java:43)\r\n\tat java.base/java.lang.reflect.Method.invoke(Method.java:564)\r\n\tat org.testng.internal.MethodInvocationHelper.invokeMethod(MethodInvocationHelper.java:133)\r\n\tat org.testng.internal.TestInvoker.invokeMethod(TestInvoker.java:584)\r\n\tat org.testng.internal.TestInvoker.invokeTestMethod(TestInvoker.java:172)\r\n\tat org.testng.internal.MethodRunner.runInSequence(MethodRunner.java:46)\r\n\tat org.testng.internal.TestInvoker$MethodInvocationAgent.invoke(TestInvoker.java:804)\r\n\tat org.testng.internal.TestInvoker.invokeTestMethods(TestInvoker.java:145)\r\n\tat org.testng.internal.TestMethodWorker.invokeTestMethods(TestMethodWorker.java:146)\r\n\tat org.testng.internal.TestMethodWorker.run(TestMethodWorker.java:128)\r\n\tat java.base/java.util.ArrayList.forEach(ArrayList.java:1511)\r\n\tat org.testng.TestRunner.privateRun(TestRunner.java:770)\r\n\tat org.testng.TestRunner.run(TestRunner.java:591)\r\n\tat org.testng.SuiteRunner.runTest(SuiteRunner.java:402)\r\n\tat org.testng.SuiteRunner.runSequentially(SuiteRunner.java:396)\r\n\tat org.testng.SuiteRunner.privateRun(SuiteRunner.java:355)\r\n\tat org.testng.SuiteRunner.run(SuiteRunner.java:304)\r\n\tat org.testng.SuiteRunnerWorker.runSuite(SuiteRunnerWorker.java:53)\r\n\tat org.testng.SuiteRunnerWorker.run(SuiteRunnerWorker.java:96)\r\n\tat org.testng.TestNG.runSuitesSequentially(TestNG.java:1180)\r\n\tat org.testng.TestNG.runSuitesLocally(TestNG.java:1102)\r\n\tat org.testng.TestNG.runSuites(TestNG.java:1032)\r\n\tat org.testng.TestNG.run(TestNG.java:1000)\r\n\tat com.intellij.rt.testng.IDEARemoteTestNG.run(IDEARemoteTestNG.java:66)\r\n\tat com.intellij.rt.testng.RemoteTestNGStarter.main(RemoteTestNGStarter.java:110)\r\n"},"stage":"finished","steps":[{"name":"Send Text to txt-field","status":"broken","statusDetails":{"known":false,"muted":false,"flaky":false,"message":"invalid selector (Argument was an invalid selector (e.g. XPath/CSS). xpath = //*[@id='passwordTextField']'])  (WARNING: The server did not provide any stacktrace information)\nCommand duration or timeout: 0 milliseconds\nFor documentation on this error, please visit: https://www.seleniumhq.org/exceptions/invalid_selector_exception.html\nBuild info: version: '3.141.59', revision: 'e82be7d358', time: '2018-11-14T08:17:03'\nSystem info: host: 'ND-PC', ip: '192.168.1.212', os.name: 'Windows 8.1', os.arch: 'amd64', os.version: '6.3', java.version: '14.0.2'\nDriver info: org.openqa.selenium.remote.RemoteWebDriver\nCapabilities {appActivity: .LoginActivity, appBuildVersion: , appPackage: com.experitest.ExperiBank, appReleaseVersion: , appiumVersion: 1.8.0, applicationClearData: false, autoAcceptAlerts: false, autoDismissAlerts: false, autoGrantPermissions: false, autoWebview: false, commandTimeouts: 120000, desired: {appActivity: .LoginActivity, appPackage: com.experitest.ExperiBank, udid: RF8N60HJTWL}, device.category: PHONE, device.majorVersion: 10, device.manufacture: samsung, device.model: SM-G973F, device.name: SM-G973F, device.os: Android, device.screenSize: 1080x2280, device.serialNumber: RF8N60HJTWL, device.version: 10, deviceUDID: RF8N60HJTWL, dontGoHomeOnQuit: false, dontStopAppOnReset: false, fullReset: false, install.only.for.update: false, instrumentApp: false, javascriptEnabled: true, keystorePath: ~/.android/debug.keystore, locationServicesAuthorized: false, newSessionWaitTimeout: 600, noReset: false, platform: ANDROID, platformName: ANDROID, projectName: , reportDirectory: reports, reportFormat: xml, reportUrl: C:\\Users\\naamadn\\appiumstud..., reservationDuration: 240, takeScreenshots: true, test.type: Mobile, testName: mobile test 11/26/20 11:49 AM, udid: RF8N60HJTWL, useKeystore: false, waitForDeviceTimeout: 120000}\nSession ID: 82684891-d4d1-443f-ac59-ca6ebadad1cd\n*** Element info: {Using=xpath, value=//*[@id='passwordTextField']']}","trace":"org.openqa.selenium.InvalidSelectorException: invalid selector (Argument was an invalid selector (e.g. XPath/CSS). xpath = //*[@id='passwordTextField']'])  (WARNING: The server did not provide any stacktrace information)\nCommand duration or timeout: 0 milliseconds\nFor documentation on this error, please visit: https://www.seleniumhq.org/exceptions/invalid_selector_exception.html\nBuild info: version: '3.141.59', revision: 'e82be7d358', time: '2018-11-14T08:17:03'\nSystem info: host: 'ND-PC', ip: '192.168.1.212', os.name: 'Windows 8.1', os.arch: 'amd64', os.version: '6.3', java.version: '14.0.2'\nDriver info: org.openqa.selenium.remote.RemoteWebDriver\nCapabilities {appActivity: .LoginActivity, appBuildVersion: , appPackage: com.experitest.ExperiBank, appReleaseVersion: , appiumVersion: 1.8.0, applicationClearData: false, autoAcceptAlerts: false, autoDismissAlerts: false, autoGrantPermissions: false, autoWebview: false, commandTimeouts: 120000, desired: {appActivity: .LoginActivity, appPackage: com.experitest.ExperiBank, udid: RF8N60HJTWL}, device.category: PHONE, device.majorVersion: 10, device.manufacture: samsung, device.model: SM-G973F, device.name: SM-G973F, device.os: Android, device.screenSize: 1080x2280, device.serialNumber: RF8N60HJTWL, device.version: 10, deviceUDID: RF8N60HJTWL, dontGoHomeOnQuit: false, dontStopAppOnReset: false, fullReset: false, install.only.for.update: false, instrumentApp: false, javascriptEnabled: true, keystorePath: ~/.android/debug.keystore, locationServicesAuthorized: false, newSessionWaitTimeout: 600, noReset: false, platform: ANDROID, platformName: ANDROID, projectName: , reportDirectory: reports, reportFormat: xml, reportUrl: C:\\Users\\naamadn\\appiumstud..., reservationDuration: 240, takeScreenshots: true, test.type: Mobile, testName: mobile test 11/26/20 11:49 AM, udid: RF8N60HJTWL, useKeystore: false, waitForDeviceTimeout: 120000}\nSession ID: 82684891-d4d1-443f-ac59-ca6ebadad1cd\n*** Element info: {Using=xpath, value=//*[@id='passwordTextField']']}\r\n\tat java.base/jdk.internal.reflect.NativeConstructorAccessorImpl.newInstance0(Native Method)\r\n\tat java.base/jdk.internal.reflect.NativeConstructorAccessorImpl.newInstance(NativeConstructorAccessorImpl.java:62)\r\n\tat java.base/jdk.internal.reflect.DelegatingConstructorAccessorImpl.newInstance(DelegatingConstructorAccessorImpl.java:45)\r\n\tat java.base/java.lang.reflect.Constructor.newInstanceWithCaller(Constructor.java:500)\r\n\tat java.base/java.lang.reflect.Constructor.newInstance(Constructor.java:481)\r\n\tat org.openqa.selenium.remote.ErrorHandler.createThrowable(ErrorHandler.java:214)\r\n\tat org.openqa.selenium.remote.ErrorHandler.throwIfResponseFailed(ErrorHandler.java:166)\r\n\tat org.openqa.selenium.remote.http.JsonHttpResponseCodec.reconstructValue(JsonHttpResponseCodec.java:40)\r\n\tat org.openqa.selenium.remote.http.AbstractHttpResponseCodec.decode(AbstractHttpResponseCodec.java:80)\r\n\tat org.openqa.selenium.remote.http.AbstractHttpResponseCodec.decode(AbstractHttpResponseCodec.java:44)\r\n\tat org.openqa.selenium.remote.HttpCommandExecutor.execute(HttpCommandExecutor.java:158)\r\n\tat org.openqa.selenium.remote.RemoteWebDriver.execute(RemoteWebDriver.java:552)\r\n\tat org.openqa.selenium.remote.RemoteWebDriver.findElement(RemoteWebDriver.java:323)\r\n\tat org.openqa.selenium.remote.RemoteWebDriver.findElementByXPath(RemoteWebDriver.java:428)\r\n\tat org.openqa.selenium.By$ByXPath.findElement(By.java:353)\r\n\tat org.openqa.selenium.remote.RemoteWebDriver.findElement(RemoteWebDriver.java:315)\r\n\tat org.openqa.selenium.support.pagefactory.DefaultElementLocator.findElement(DefaultElementLocator.java:69)\r\n\tat org.openqa.selenium.support.pagefactory.internal.LocatingElementHandler.invoke(LocatingElementHandler.java:38)\r\n\tat com.sun.proxy.$Proxy13.sendKeys(Unknown Source)\r\n\tat Extensions.uiActions.updateText(uiActions.java:23)\r\n\tat WorkFlows.mobileFlows.login(mobileFlows.java:12)\r\n\tat SanityTests.experiBankMobile.test01_login(experiBankMobile.java:16)\r\n\tat java.base/jdk.internal.reflect.NativeMethodAccessorImpl.invoke0(Native Method)\r\n\tat java.base/jdk.internal.reflect.NativeMethodAccessorImpl.invoke(NativeMethodAccessorImpl.java:62)\r\n\tat java.base/jdk.internal.reflect.DelegatingMethodAccessorImpl.invoke(DelegatingMethodAccessorImpl.java:43)\r\n\tat java.base/java.lang.reflect.Method.invoke(Method.java:564)\r\n\tat org.testng.internal.MethodInvocationHelper.invokeMethod(MethodInvocationHelper.java:133)\r\n\tat org.testng.internal.TestInvoker.invokeMethod(TestInvoker.java:584)\r\n\tat org.testng.internal.TestInvoker.invokeTestMethod(TestInvoker.java:172)\r\n\tat org.testng.internal.MethodRunner.runInSequence(MethodRunner.java:46)\r\n\tat org.testng.internal.TestInvoker$MethodInvocationAgent.invoke(TestInvoker.java:804)\r\n\tat org.testng.internal.TestInvoker.invokeTestMethods(TestInvoker.java:145)\r\n\tat org.testng.internal.TestMethodWorker.invokeTestMethods(TestMethodWorker.java:146)\r\n\tat org.testng.internal.TestMethodWorker.run(TestMethodWorker.java:128)\r\n\tat java.base/java.util.ArrayList.forEach(ArrayList.java:1511)\r\n\tat org.testng.TestRunner.privateRun(TestRunner.java:770)\r\n\tat org.testng.TestRunner.run(TestRunner.java:591)\r\n\tat org.testng.SuiteRunner.runTest(SuiteRunner.java:402)\r\n\tat org.testng.SuiteRunner.runSequentially(SuiteRunner.java:396)\r\n\tat org.testng.SuiteRunner.privateRun(SuiteRunner.java:355)\r\n\tat org.testng.SuiteRunner.run(SuiteRunner.java:304)\r\n\tat org.testng.SuiteRunnerWorker.runSuite(SuiteRunnerWorker.java:53)\r\n\tat org.testng.SuiteRunnerWorker.run(SuiteRunnerWorker.java:96)\r\n\tat org.testng.TestNG.runSuitesSequentially(TestNG.java:1180)\r\n\tat org.testng.TestNG.runSuitesLocally(TestNG.java:1102)\r\n\tat org.testng.TestNG.runSuites(TestNG.java:1032)\r\n\tat org.testng.TestNG.run(TestNG.java:1000)\r\n\tat com.intellij.rt.testng.IDEARemoteTestNG.run(IDEARemoteTestNG.java:66)\r\n\tat com.intellij.rt.testng.RemoteTestNGStarter.main(RemoteTestNGStarter.java:110)\r\n"},"stage":"finished","steps":[],"attachments":[],"parameters":[{"name":"elem","value":"Proxy element for: DefaultElementLocator 'By.xpath: //*[@id='passwordTextField']']'"},{"name":"value","value":"company"}],"start":1606384169139,"stop":1606384169566}],"attachments":[],"parameters":[{"name":"user","value":"company"},{"name":"password","value":"company"}],"start":1606384168734,"stop":1606384169568}],"attachments":[],"parameters":[],"start":1606384168479,"stop":1606384169580,"uuid":"bafdb139-48ed-4918-8d94-11c3ffb2ecec","historyId":"36ca1a1c748e44492282ddd1cfadd1e9","fullName":"SanityTests.experiBankMobile.test01_login","labels":[{"name":"package","value":"SanityTests.experiBankMobile"},{"name":"testClass","value":"SanityTests.experiBankMobile"},{"name":"testMethod","value":"test01_login"},{"name":"parentSuite","value":"Default Suite"},{"name":"suite","value":"AutomationProject"},{"name":"subSuite","value":"SanityTests.experiBankMobile"},{"name":"host","value":"ND-PC"},{"name":"thread","value":"9520@ND-PC.main(1)"},{"name":"framework","value":"testng"},{"name":"language","value":"java"}],"links":[]}